2025-09-03 17:13:47 info: Server running on port 3000
2025-09-03 17:13:47 error: error: password authentication failed for user "user"
    at C:\Users\Fredrick\Documents\JS\JSL_SYSTEM\Asset Management Application\app\node_modules\pg-pool\index.js:45:11
    at processTicksAndRejections (node:internal/process/task_queues:95:5)
    at async connectDB (C:\Users\Fredrick\Documents\JS\JSL_SYSTEM\Asset Management Application\app\src\config\database.ts:11:5)
2025-09-03 17:16:32 info: Server running on port 3000
2025-09-03 17:16:32 info: Database connected successfully!
2025-09-05 11:48:53 info: Server running on port 3000
2025-09-05 11:48:53 info: Database connected successfully!
2025-09-06 09:30:41 info: Server running on port 3000
2025-09-06 09:30:41 info: Database connected successfully!
2025-09-06 09:32:00 info: Server running on port 3000
2025-09-06 09:32:00 info: Database connected successfully!
2025-09-06 09:48:19 info: Server running on port 3000
2025-09-06 09:48:19 info: Database connected successfully!
2025-09-06 09:55:34 info: Server running on port 3000
2025-09-06 09:55:34 info: Database connected successfully!
2025-09-06 09:55:55 info: Server running on port 3000
2025-09-06 09:55:55 info: Database connected successfully!
2025-09-06 09:57:23 info: Server running on port 3000
2025-09-06 09:57:23 info: Database connected successfully!
2025-09-06 11:15:29 info: Server running on port 3000
2025-09-06 11:15:29 info: Database connected successfully!
