2025-09-03 17:13:47 error: error: password authentication failed for user "user"
    at C:\Users\Fredrick\Documents\JS\JSL_SYSTEM\Asset Management Application\app\node_modules\pg-pool\index.js:45:11
    at processTicksAndRejections (node:internal/process/task_queues:95:5)
    at async connectDB (C:\Users\Fredrick\Documents\JS\JSL_SYSTEM\Asset Management Application\app\src\config\database.ts:11:5)
2025-09-16 10:49:56 error: Login failed: Invalid credentials
2025-09-17 11:37:01 error: Registration failed: Illegal arguments: undefined, number
2025-09-17 11:52:47 error: Registration failed: Illegal arguments: undefined, number
2025-09-17 11:56:12 error: Registration failed: Illegal arguments: undefined, number
2025-09-17 11:56:58 error: Registration failed: Illegal arguments: undefined, number
2025-09-17 11:59:17 error: Registration failed: Illegal arguments: undefined, number
2025-09-17 12:02:00 error: Registration failed: Illegal arguments: undefined, number
2025-09-17 12:59:08 error: Registration failed: Illegal arguments: undefined, number
2025-09-17 13:00:06 error: Registration failed: Illegal arguments: undefined, number
2025-09-17 13:01:39 error: Registration failed: Illegal arguments: undefined, number
2025-09-17 13:03:47 error: Registration failed: column "full_name" of relation "users" does not exist
2025-09-17 13:05:47 error: Registration failed: column "role" of relation "users" does not exist
2025-09-17 13:07:20 error: Registration failed: null value in column "password" of relation "users" violates not-null constraint
2025-09-17 13:07:55 error: Registration failed: null value in column "password" of relation "users" violates not-null constraint
2025-09-17 13:08:55 error: Registration failed: duplicate key value violates unique constraint "users_email_key"
2025-09-19 09:44:42 error: error: column "description" of relation "assets" does not exist
    at F:\WORK DOCS\JS\JSL_SYSTEM\Asset Management Application\app\node_modules\pg-pool\index.js:45:11
    at processTicksAndRejections (node:internal/process/task_queues:95:5)
    at async Function.create (F:\WORK DOCS\JS\JSL_SYSTEM\Asset Management Application\app\src\models\asset.model.ts:11:24)
    at async AssetService.create (F:\WORK DOCS\JS\JSL_SYSTEM\Asset Management Application\app\src\services\asset.service.ts:7:26)
    at async create (F:\WORK DOCS\JS\JSL_SYSTEM\Asset Management Application\app\src\controllers\asset.controller.ts:31:30)
2025-09-19 09:46:20 error: error: column "description" of relation "assets" does not exist
    at F:\WORK DOCS\JS\JSL_SYSTEM\Asset Management Application\app\node_modules\pg-pool\index.js:45:11
    at processTicksAndRejections (node:internal/process/task_queues:95:5)
    at async Function.create (F:\WORK DOCS\JS\JSL_SYSTEM\Asset Management Application\app\src\models\asset.model.ts:11:24)
    at async AssetService.create (F:\WORK DOCS\JS\JSL_SYSTEM\Asset Management Application\app\src\services\asset.service.ts:7:26)
    at async create (F:\WORK DOCS\JS\JSL_SYSTEM\Asset Management Application\app\src\controllers\asset.controller.ts:31:30)
2025-09-19 09:46:39 error: error: column "description" of relation "assets" does not exist
    at F:\WORK DOCS\JS\JSL_SYSTEM\Asset Management Application\app\node_modules\pg-pool\index.js:45:11
    at processTicksAndRejections (node:internal/process/task_queues:95:5)
    at async Function.create (F:\WORK DOCS\JS\JSL_SYSTEM\Asset Management Application\app\src\models\asset.model.ts:11:24)
    at async AssetService.create (F:\WORK DOCS\JS\JSL_SYSTEM\Asset Management Application\app\src\services\asset.service.ts:7:26)
    at async create (F:\WORK DOCS\JS\JSL_SYSTEM\Asset Management Application\app\src\controllers\asset.controller.ts:31:30)
2025-09-19 09:47:23 error: error: column "description" of relation "assets" does not exist
    at F:\WORK DOCS\JS\JSL_SYSTEM\Asset Management Application\app\node_modules\pg-pool\index.js:45:11
    at processTicksAndRejections (node:internal/process/task_queues:95:5)
    at async Function.create (F:\WORK DOCS\JS\JSL_SYSTEM\Asset Management Application\app\src\models\asset.model.ts:11:24)
    at async AssetService.create (F:\WORK DOCS\JS\JSL_SYSTEM\Asset Management Application\app\src\services\asset.service.ts:7:26)
    at async create (F:\WORK DOCS\JS\JSL_SYSTEM\Asset Management Application\app\src\controllers\asset.controller.ts:32:30)
